<?xml version="1.0" encoding="UTF-8"?>
<!-- Generated by org.testng.reporters.JUnitReportReporter -->
<testsuite skipped="1" hostname="ip-172-31-85-137" name="test.Testcase1" tests="2" failures="0" timestamp="2021-10-25T06:15:48 UTC" time="0.002" errors="0">
  <testcase name="HomeLoneTest" time="0.002" classname="test.Testcase1"/>
  <system-out/>
  <testcase name="CarLoanTest" classname="test.Testcase1">
    <skipped/>
  </testcase> <!-- CarLoanTest -->
  <system-out/>
</testsuite> <!-- test.Testcase1 -->
