<?xml version="1.0" encoding="UTF-8"?>
<!-- Generated by org.testng.reporters.JUnitReportReporter -->
<testsuite skipped="0" hostname="ip-172-31-85-137" name="test.LoginTest" tests="2" failures="0" timestamp="2021-10-28T07:02:59 UTC" time="7.336" errors="0">
  <testcase name="Negativelogin" time="3.964" classname="test.LoginTest"/>
  <system-out/>
  <testcase name="Positivelogin" time="3.372" classname="test.LoginTest"/>
  <system-out/>
</testsuite> <!-- test.LoginTest -->
