<?xml version="1.0" encoding="UTF-8"?>
<!-- Generated by org.testng.reporters.JUnitReportReporter -->
<testsuite skipped="0" hostname="ip-172-31-85-137" name="testNg.Testcase1" tests="2" failures="0" timestamp="2021-10-28T03:45:52 UTC" time="0.002" errors="0">
  <testcase name="HomeLoanTest" time="0.001" classname="testNg.Testcase1"/>
  <system-out/>
  <testcase name="HomeLoanTest1" time="0.001" classname="testNg.Testcase1"/>
  <system-out/>
</testsuite> <!-- testNg.Testcase1 -->
